05-May-2018 18:20:39.021 INFO [main] org.apache.catalina.startup.VersionLoggerListener.log Server version:        Apache Tomcat/8.5.30
05-May-2018 18:20:39.051 INFO [main] org.apache.catalina.startup.VersionLoggerListener.log Server built:          Apr 3 2018 20:04:09 UTC
05-May-2018 18:20:39.052 INFO [main] org.apache.catalina.startup.VersionLoggerListener.log Server number:         8.5.30.0
05-May-2018 18:20:39.054 INFO [main] org.apache.catalina.startup.VersionLoggerListener.log OS Name:               Linux
05-May-2018 18:20:39.055 INFO [main] org.apache.catalina.startup.VersionLoggerListener.log OS Version:            4.4.0-116-generic
05-May-2018 18:20:39.056 INFO [main] org.apache.catalina.startup.VersionLoggerListener.log Architecture:          amd64
05-May-2018 18:20:39.057 INFO [main] org.apache.catalina.startup.VersionLoggerListener.log Java Home:             /usr/lib/jvm/java-8-openjdk-amd64/jre
05-May-2018 18:20:39.058 INFO [main] org.apache.catalina.startup.VersionLoggerListener.log JVM Version:           1.8.0_162-8u162-b12-0ubuntu0.16.04.2-b12
05-May-2018 18:20:39.059 INFO [main] org.apache.catalina.startup.VersionLoggerListener.log JVM Vendor:            Oracle Corporation
05-May-2018 18:20:39.060 INFO [main] org.apache.catalina.startup.VersionLoggerListener.log CATALINA_BASE:         /home/kingmak/Desktop/New/BankApp/server
05-May-2018 18:20:39.061 INFO [main] org.apache.catalina.startup.VersionLoggerListener.log CATALINA_HOME:         /home/kingmak/Desktop/New/BankApp/server
05-May-2018 18:20:39.063 INFO [main] org.apache.catalina.startup.VersionLoggerListener.log Command line argument: -Djava.util.logging.config.file=/home/kingmak/Desktop/New/BankApp/server/conf/logging.properties
05-May-2018 18:20:39.064 INFO [main] org.apache.catalina.startup.VersionLoggerListener.log Command line argument: -Djava.util.logging.manager=org.apache.juli.ClassLoaderLogManager
05-May-2018 18:20:39.065 INFO [main] org.apache.catalina.startup.VersionLoggerListener.log Command line argument: -Djdk.tls.ephemeralDHKeySize=2048
05-May-2018 18:20:39.066 INFO [main] org.apache.catalina.startup.VersionLoggerListener.log Command line argument: -Djava.protocol.handler.pkgs=org.apache.catalina.webresources
05-May-2018 18:20:39.068 INFO [main] org.apache.catalina.startup.VersionLoggerListener.log Command line argument: -Dorg.apache.catalina.security.SecurityListener.UMASK=0027
05-May-2018 18:20:39.070 INFO [main] org.apache.catalina.startup.VersionLoggerListener.log Command line argument: -Dignore.endorsed.dirs=
05-May-2018 18:20:39.071 INFO [main] org.apache.catalina.startup.VersionLoggerListener.log Command line argument: -Dcatalina.base=/home/kingmak/Desktop/New/BankApp/server
05-May-2018 18:20:39.073 INFO [main] org.apache.catalina.startup.VersionLoggerListener.log Command line argument: -Dcatalina.home=/home/kingmak/Desktop/New/BankApp/server
05-May-2018 18:20:39.075 INFO [main] org.apache.catalina.startup.VersionLoggerListener.log Command line argument: -Djava.io.tmpdir=/home/kingmak/Desktop/New/BankApp/server/temp
05-May-2018 18:20:39.076 INFO [main] org.apache.catalina.core.AprLifecycleListener.lifecycleEvent The APR based Apache Tomcat Native library which allows optimal performance in production environments was not found on the java.library.path: [/usr/java/packages/lib/amd64:/usr/lib/x86_64-linux-gnu/jni:/lib/x86_64-linux-gnu:/usr/lib/x86_64-linux-gnu:/usr/lib/jni:/lib:/usr/lib]
05-May-2018 18:20:39.877 INFO [main] org.apache.coyote.AbstractProtocol.init Initializing ProtocolHandler ["http-nio-8080"]
05-May-2018 18:20:40.065 INFO [main] org.apache.tomcat.util.net.NioSelectorPool.getSharedSelector Using a shared selector for servlet write/read
05-May-2018 18:20:40.171 INFO [main] org.apache.coyote.AbstractProtocol.init Initializing ProtocolHandler ["ajp-nio-8009"]
05-May-2018 18:20:40.199 INFO [main] org.apache.tomcat.util.net.NioSelectorPool.getSharedSelector Using a shared selector for servlet write/read
05-May-2018 18:20:40.202 INFO [main] org.apache.catalina.startup.Catalina.load Initialization processed in 5457 ms
05-May-2018 18:20:40.504 INFO [main] org.apache.catalina.core.StandardService.startInternal Starting service [Catalina]
05-May-2018 18:20:40.506 INFO [main] org.apache.catalina.core.StandardEngine.startInternal Starting Servlet Engine: Apache Tomcat/8.5.30
05-May-2018 18:20:40.630 INFO [localhost-startStop-1] org.apache.catalina.startup.HostConfig.deployDirectory Deploying web application directory [/home/kingmak/Desktop/New/BankApp/server/webapps/docs]
05-May-2018 18:20:44.225 INFO [localhost-startStop-1] org.apache.catalina.startup.HostConfig.deployDirectory Deployment of web application directory [/home/kingmak/Desktop/New/BankApp/server/webapps/docs] has finished in [3,590] ms
05-May-2018 18:20:44.228 INFO [localhost-startStop-1] org.apache.catalina.startup.HostConfig.deployDirectory Deploying web application directory [/home/kingmak/Desktop/New/BankApp/server/webapps/ROOT]
05-May-2018 18:20:44.410 INFO [localhost-startStop-1] org.apache.catalina.startup.HostConfig.deployDirectory Deployment of web application directory [/home/kingmak/Desktop/New/BankApp/server/webapps/ROOT] has finished in [182] ms
05-May-2018 18:20:44.412 INFO [localhost-startStop-1] org.apache.catalina.startup.HostConfig.deployDirectory Deploying web application directory [/home/kingmak/Desktop/New/BankApp/server/webapps/testa]
05-May-2018 18:20:44.903 INFO [localhost-startStop-1] org.apache.catalina.startup.HostConfig.deployDirectory Deployment of web application directory [/home/kingmak/Desktop/New/BankApp/server/webapps/testa] has finished in [490] ms
05-May-2018 18:20:44.904 INFO [localhost-startStop-1] org.apache.catalina.startup.HostConfig.deployDirectory Deploying web application directory [/home/kingmak/Desktop/New/BankApp/server/webapps/host-manager]
05-May-2018 18:20:45.253 INFO [localhost-startStop-1] org.apache.catalina.startup.HostConfig.deployDirectory Deployment of web application directory [/home/kingmak/Desktop/New/BankApp/server/webapps/host-manager] has finished in [348] ms
05-May-2018 18:20:45.255 INFO [localhost-startStop-1] org.apache.catalina.startup.HostConfig.deployDirectory Deploying web application directory [/home/kingmak/Desktop/New/BankApp/server/webapps/manager]
05-May-2018 18:20:45.470 INFO [localhost-startStop-1] org.apache.catalina.startup.HostConfig.deployDirectory Deployment of web application directory [/home/kingmak/Desktop/New/BankApp/server/webapps/manager] has finished in [215] ms
05-May-2018 18:20:45.472 INFO [localhost-startStop-1] org.apache.catalina.startup.HostConfig.deployDirectory Deploying web application directory [/home/kingmak/Desktop/New/BankApp/server/webapps/examples]
05-May-2018 18:20:47.709 INFO [localhost-startStop-1] org.apache.catalina.startup.HostConfig.deployDirectory Deployment of web application directory [/home/kingmak/Desktop/New/BankApp/server/webapps/examples] has finished in [2,236] ms
05-May-2018 18:20:47.775 INFO [main] org.apache.coyote.AbstractProtocol.start Starting ProtocolHandler ["http-nio-8080"]
05-May-2018 18:20:47.887 INFO [main] org.apache.coyote.AbstractProtocol.start Starting ProtocolHandler ["ajp-nio-8009"]
05-May-2018 18:20:47.966 INFO [main] org.apache.catalina.startup.Catalina.start Server startup in 7756 ms
05-May-2018 18:30:48.976 INFO [main] org.apache.catalina.core.StandardServer.await A valid shutdown command was received via the shutdown port. Stopping the Server instance.
05-May-2018 18:30:48.980 INFO [main] org.apache.coyote.AbstractProtocol.pause Pausing ProtocolHandler ["http-nio-8080"]
05-May-2018 18:30:49.051 INFO [main] org.apache.coyote.AbstractProtocol.pause Pausing ProtocolHandler ["ajp-nio-8009"]
05-May-2018 18:30:49.107 INFO [main] org.apache.catalina.core.StandardService.stopInternal Stopping service [Catalina]
05-May-2018 18:30:49.478 INFO [main] org.apache.coyote.AbstractProtocol.stop Stopping ProtocolHandler ["http-nio-8080"]
05-May-2018 18:30:49.502 INFO [main] org.apache.coyote.AbstractProtocol.stop Stopping ProtocolHandler ["ajp-nio-8009"]
05-May-2018 18:30:49.526 INFO [main] org.apache.coyote.AbstractProtocol.destroy Destroying ProtocolHandler ["http-nio-8080"]
05-May-2018 18:30:49.540 INFO [main] org.apache.coyote.AbstractProtocol.destroy Destroying ProtocolHandler ["ajp-nio-8009"]
05-May-2018 19:38:28.080 INFO [main] org.apache.catalina.startup.VersionLoggerListener.log Server version:        Apache Tomcat/8.5.30
05-May-2018 19:38:28.208 INFO [main] org.apache.catalina.startup.VersionLoggerListener.log Server built:          Apr 3 2018 20:04:09 UTC
05-May-2018 19:38:28.209 INFO [main] org.apache.catalina.startup.VersionLoggerListener.log Server number:         8.5.30.0
05-May-2018 19:38:28.209 INFO [main] org.apache.catalina.startup.VersionLoggerListener.log OS Name:               Linux
05-May-2018 19:38:28.209 INFO [main] org.apache.catalina.startup.VersionLoggerListener.log OS Version:            4.4.0-116-generic
05-May-2018 19:38:28.209 INFO [main] org.apache.catalina.startup.VersionLoggerListener.log Architecture:          amd64
05-May-2018 19:38:28.209 INFO [main] org.apache.catalina.startup.VersionLoggerListener.log Java Home:             /usr/lib/jvm/java-8-openjdk-amd64/jre
05-May-2018 19:38:28.209 INFO [main] org.apache.catalina.startup.VersionLoggerListener.log JVM Version:           1.8.0_162-8u162-b12-0ubuntu0.16.04.2-b12
05-May-2018 19:38:28.209 INFO [main] org.apache.catalina.startup.VersionLoggerListener.log JVM Vendor:            Oracle Corporation
05-May-2018 19:38:28.209 INFO [main] org.apache.catalina.startup.VersionLoggerListener.log CATALINA_BASE:         /home/kingmak/Desktop/New/BankApp/server
05-May-2018 19:38:28.209 INFO [main] org.apache.catalina.startup.VersionLoggerListener.log CATALINA_HOME:         /home/kingmak/Desktop/New/BankApp/server
05-May-2018 19:38:28.210 INFO [main] org.apache.catalina.startup.VersionLoggerListener.log Command line argument: -Djava.util.logging.config.file=/home/kingmak/Desktop/New/BankApp/server/conf/logging.properties
05-May-2018 19:38:28.210 INFO [main] org.apache.catalina.startup.VersionLoggerListener.log Command line argument: -Djava.util.logging.manager=org.apache.juli.ClassLoaderLogManager
05-May-2018 19:38:28.210 INFO [main] org.apache.catalina.startup.VersionLoggerListener.log Command line argument: -Djdk.tls.ephemeralDHKeySize=2048
05-May-2018 19:38:28.210 INFO [main] org.apache.catalina.startup.VersionLoggerListener.log Command line argument: -Djava.protocol.handler.pkgs=org.apache.catalina.webresources
05-May-2018 19:38:28.210 INFO [main] org.apache.catalina.startup.VersionLoggerListener.log Command line argument: -Dorg.apache.catalina.security.SecurityListener.UMASK=0027
05-May-2018 19:38:28.210 INFO [main] org.apache.catalina.startup.VersionLoggerListener.log Command line argument: -Dignore.endorsed.dirs=
05-May-2018 19:38:28.210 INFO [main] org.apache.catalina.startup.VersionLoggerListener.log Command line argument: -Dcatalina.base=/home/kingmak/Desktop/New/BankApp/server
05-May-2018 19:38:28.210 INFO [main] org.apache.catalina.startup.VersionLoggerListener.log Command line argument: -Dcatalina.home=/home/kingmak/Desktop/New/BankApp/server
05-May-2018 19:38:28.210 INFO [main] org.apache.catalina.startup.VersionLoggerListener.log Command line argument: -Djava.io.tmpdir=/home/kingmak/Desktop/New/BankApp/server/temp
05-May-2018 19:38:28.210 INFO [main] org.apache.catalina.core.AprLifecycleListener.lifecycleEvent The APR based Apache Tomcat Native library which allows optimal performance in production environments was not found on the java.library.path: [/usr/java/packages/lib/amd64:/usr/lib/x86_64-linux-gnu/jni:/lib/x86_64-linux-gnu:/usr/lib/x86_64-linux-gnu:/usr/lib/jni:/lib:/usr/lib]
05-May-2018 19:38:30.001 INFO [main] org.apache.coyote.AbstractProtocol.init Initializing ProtocolHandler ["http-nio-8080"]
05-May-2018 19:38:30.301 INFO [main] org.apache.tomcat.util.net.NioSelectorPool.getSharedSelector Using a shared selector for servlet write/read
05-May-2018 19:38:30.418 INFO [main] org.apache.coyote.AbstractProtocol.init Initializing ProtocolHandler ["ajp-nio-8009"]
05-May-2018 19:38:30.420 INFO [main] org.apache.tomcat.util.net.NioSelectorPool.getSharedSelector Using a shared selector for servlet write/read
05-May-2018 19:38:30.420 INFO [main] org.apache.catalina.startup.Catalina.load Initialization processed in 5969 ms
05-May-2018 19:38:30.673 INFO [main] org.apache.catalina.core.StandardService.startInternal Starting service [Catalina]
05-May-2018 19:38:30.674 INFO [main] org.apache.catalina.core.StandardEngine.startInternal Starting Servlet Engine: Apache Tomcat/8.5.30
05-May-2018 19:38:30.900 INFO [localhost-startStop-1] org.apache.catalina.startup.HostConfig.deployDirectory Deploying web application directory [/home/kingmak/Desktop/New/BankApp/server/webapps/docs]
05-May-2018 19:38:33.903 WARNING [localhost-startStop-1] org.apache.catalina.util.SessionIdGeneratorBase.createSecureRandom Creation of SecureRandom instance for session ID generation using [SHA1PRNG] took [247] milliseconds.
05-May-2018 19:38:33.995 INFO [localhost-startStop-1] org.apache.catalina.startup.HostConfig.deployDirectory Deployment of web application directory [/home/kingmak/Desktop/New/BankApp/server/webapps/docs] has finished in [3,094] ms
05-May-2018 19:38:33.995 INFO [localhost-startStop-1] org.apache.catalina.startup.HostConfig.deployDirectory Deploying web application directory [/home/kingmak/Desktop/New/BankApp/server/webapps/ROOT]
05-May-2018 19:38:34.067 INFO [localhost-startStop-1] org.apache.catalina.startup.HostConfig.deployDirectory Deployment of web application directory [/home/kingmak/Desktop/New/BankApp/server/webapps/ROOT] has finished in [72] ms
05-May-2018 19:38:34.067 INFO [localhost-startStop-1] org.apache.catalina.startup.HostConfig.deployDirectory Deploying web application directory [/home/kingmak/Desktop/New/BankApp/server/webapps/testa]
05-May-2018 19:38:35.028 INFO [localhost-startStop-1] org.apache.catalina.startup.HostConfig.deployDirectory Deployment of web application directory [/home/kingmak/Desktop/New/BankApp/server/webapps/testa] has finished in [960] ms
05-May-2018 19:38:35.028 INFO [localhost-startStop-1] org.apache.catalina.startup.HostConfig.deployDirectory Deploying web application directory [/home/kingmak/Desktop/New/BankApp/server/webapps/host-manager]
05-May-2018 19:38:35.127 INFO [localhost-startStop-1] org.apache.catalina.startup.HostConfig.deployDirectory Deployment of web application directory [/home/kingmak/Desktop/New/BankApp/server/webapps/host-manager] has finished in [99] ms
05-May-2018 19:38:35.128 INFO [localhost-startStop-1] org.apache.catalina.startup.HostConfig.deployDirectory Deploying web application directory [/home/kingmak/Desktop/New/BankApp/server/webapps/manager]
05-May-2018 19:38:35.207 INFO [localhost-startStop-1] org.apache.catalina.startup.HostConfig.deployDirectory Deployment of web application directory [/home/kingmak/Desktop/New/BankApp/server/webapps/manager] has finished in [79] ms
05-May-2018 19:38:35.207 INFO [localhost-startStop-1] org.apache.catalina.startup.HostConfig.deployDirectory Deploying web application directory [/home/kingmak/Desktop/New/BankApp/server/webapps/examples]
05-May-2018 19:38:36.561 INFO [localhost-startStop-1] org.apache.catalina.startup.HostConfig.deployDirectory Deployment of web application directory [/home/kingmak/Desktop/New/BankApp/server/webapps/examples] has finished in [1,354] ms
05-May-2018 19:38:36.564 INFO [main] org.apache.coyote.AbstractProtocol.start Starting ProtocolHandler ["http-nio-8080"]
05-May-2018 19:38:36.579 INFO [main] org.apache.coyote.AbstractProtocol.start Starting ProtocolHandler ["ajp-nio-8009"]
05-May-2018 19:38:36.586 INFO [main] org.apache.catalina.startup.Catalina.start Server startup in 6166 ms
