24-Apr-2018 05:04:52.284 INFO [main] org.apache.catalina.startup.VersionLoggerListener.log Server version:        Apache Tomcat/8.5.30
24-Apr-2018 05:04:52.286 INFO [main] org.apache.catalina.startup.VersionLoggerListener.log Server built:          Apr 3 2018 20:04:09 UTC
24-Apr-2018 05:04:52.287 INFO [main] org.apache.catalina.startup.VersionLoggerListener.log Server number:         8.5.30.0
24-Apr-2018 05:04:52.287 INFO [main] org.apache.catalina.startup.VersionLoggerListener.log OS Name:               Linux
24-Apr-2018 05:04:52.287 INFO [main] org.apache.catalina.startup.VersionLoggerListener.log OS Version:            4.4.0-121-generic
24-Apr-2018 05:04:52.287 INFO [main] org.apache.catalina.startup.VersionLoggerListener.log Architecture:          amd64
24-Apr-2018 05:04:52.287 INFO [main] org.apache.catalina.startup.VersionLoggerListener.log Java Home:             /usr/lib/jvm/java-8-openjdk-amd64/jre
24-Apr-2018 05:04:52.287 INFO [main] org.apache.catalina.startup.VersionLoggerListener.log JVM Version:           1.8.0_162-8u162-b12-0ubuntu0.16.04.2-b12
24-Apr-2018 05:04:52.288 INFO [main] org.apache.catalina.startup.VersionLoggerListener.log JVM Vendor:            Oracle Corporation
24-Apr-2018 05:04:52.288 INFO [main] org.apache.catalina.startup.VersionLoggerListener.log CATALINA_BASE:         /home/muhajirun/Documents/workspace/UMN/4021/Lab2/apache-tomcat-8.5.30
24-Apr-2018 05:04:52.288 INFO [main] org.apache.catalina.startup.VersionLoggerListener.log CATALINA_HOME:         /home/muhajirun/Documents/workspace/UMN/4021/Lab2/apache-tomcat-8.5.30
24-Apr-2018 05:04:52.288 INFO [main] org.apache.catalina.startup.VersionLoggerListener.log Command line argument: -Djava.util.logging.config.file=/home/muhajirun/Documents/workspace/UMN/4021/Lab2/apache-tomcat-8.5.30/conf/logging.properties
24-Apr-2018 05:04:52.288 INFO [main] org.apache.catalina.startup.VersionLoggerListener.log Command line argument: -Djava.util.logging.manager=org.apache.juli.ClassLoaderLogManager
24-Apr-2018 05:04:52.288 INFO [main] org.apache.catalina.startup.VersionLoggerListener.log Command line argument: -Djdk.tls.ephemeralDHKeySize=2048
24-Apr-2018 05:04:52.289 INFO [main] org.apache.catalina.startup.VersionLoggerListener.log Command line argument: -Djava.protocol.handler.pkgs=org.apache.catalina.webresources
24-Apr-2018 05:04:52.289 INFO [main] org.apache.catalina.startup.VersionLoggerListener.log Command line argument: -Dorg.apache.catalina.security.SecurityListener.UMASK=0027
24-Apr-2018 05:04:52.289 INFO [main] org.apache.catalina.startup.VersionLoggerListener.log Command line argument: -Dignore.endorsed.dirs=
24-Apr-2018 05:04:52.289 INFO [main] org.apache.catalina.startup.VersionLoggerListener.log Command line argument: -Dcatalina.base=/home/muhajirun/Documents/workspace/UMN/4021/Lab2/apache-tomcat-8.5.30
24-Apr-2018 05:04:52.289 INFO [main] org.apache.catalina.startup.VersionLoggerListener.log Command line argument: -Dcatalina.home=/home/muhajirun/Documents/workspace/UMN/4021/Lab2/apache-tomcat-8.5.30
24-Apr-2018 05:04:52.289 INFO [main] org.apache.catalina.startup.VersionLoggerListener.log Command line argument: -Djava.io.tmpdir=/home/muhajirun/Documents/workspace/UMN/4021/Lab2/apache-tomcat-8.5.30/temp
24-Apr-2018 05:04:52.290 INFO [main] org.apache.catalina.core.AprLifecycleListener.lifecycleEvent The APR based Apache Tomcat Native library which allows optimal performance in production environments was not found on the java.library.path: [/usr/java/packages/lib/amd64:/usr/lib/x86_64-linux-gnu/jni:/lib/x86_64-linux-gnu:/usr/lib/x86_64-linux-gnu:/usr/lib/jni:/lib:/usr/lib]
24-Apr-2018 05:04:52.388 INFO [main] org.apache.coyote.AbstractProtocol.init Initializing ProtocolHandler ["http-nio-8080"]
24-Apr-2018 05:04:52.406 INFO [main] org.apache.tomcat.util.net.NioSelectorPool.getSharedSelector Using a shared selector for servlet write/read
24-Apr-2018 05:04:52.414 INFO [main] org.apache.coyote.AbstractProtocol.init Initializing ProtocolHandler ["ajp-nio-8009"]
24-Apr-2018 05:04:52.416 INFO [main] org.apache.tomcat.util.net.NioSelectorPool.getSharedSelector Using a shared selector for servlet write/read
24-Apr-2018 05:04:52.416 INFO [main] org.apache.catalina.startup.Catalina.load Initialization processed in 611 ms
24-Apr-2018 05:04:52.465 INFO [main] org.apache.catalina.core.StandardService.startInternal Starting service [Catalina]
24-Apr-2018 05:04:52.465 INFO [main] org.apache.catalina.core.StandardEngine.startInternal Starting Servlet Engine: Apache Tomcat/8.5.30
24-Apr-2018 05:04:52.478 INFO [localhost-startStop-1] org.apache.catalina.startup.HostConfig.deployDirectory Deploying web application directory [/home/muhajirun/Documents/workspace/UMN/4021/Lab2/apache-tomcat-8.5.30/webapps/docs]
24-Apr-2018 05:04:52.869 INFO [localhost-startStop-1] org.apache.catalina.startup.HostConfig.deployDirectory Deployment of web application directory [/home/muhajirun/Documents/workspace/UMN/4021/Lab2/apache-tomcat-8.5.30/webapps/docs] has finished in [389] ms
24-Apr-2018 05:04:52.869 INFO [localhost-startStop-1] org.apache.catalina.startup.HostConfig.deployDirectory Deploying web application directory [/home/muhajirun/Documents/workspace/UMN/4021/Lab2/apache-tomcat-8.5.30/webapps/ROOT]
24-Apr-2018 05:04:52.894 INFO [localhost-startStop-1] org.apache.catalina.startup.HostConfig.deployDirectory Deployment of web application directory [/home/muhajirun/Documents/workspace/UMN/4021/Lab2/apache-tomcat-8.5.30/webapps/ROOT] has finished in [25] ms
24-Apr-2018 05:04:52.894 INFO [localhost-startStop-1] org.apache.catalina.startup.HostConfig.deployDirectory Deploying web application directory [/home/muhajirun/Documents/workspace/UMN/4021/Lab2/apache-tomcat-8.5.30/webapps/host-manager]
24-Apr-2018 05:04:52.930 INFO [localhost-startStop-1] org.apache.catalina.startup.HostConfig.deployDirectory Deployment of web application directory [/home/muhajirun/Documents/workspace/UMN/4021/Lab2/apache-tomcat-8.5.30/webapps/host-manager] has finished in [36] ms
24-Apr-2018 05:04:52.931 INFO [localhost-startStop-1] org.apache.catalina.startup.HostConfig.deployDirectory Deploying web application directory [/home/muhajirun/Documents/workspace/UMN/4021/Lab2/apache-tomcat-8.5.30/webapps/examples]
24-Apr-2018 05:04:53.216 INFO [localhost-startStop-1] org.apache.catalina.startup.HostConfig.deployDirectory Deployment of web application directory [/home/muhajirun/Documents/workspace/UMN/4021/Lab2/apache-tomcat-8.5.30/webapps/examples] has finished in [285] ms
24-Apr-2018 05:04:53.217 INFO [localhost-startStop-1] org.apache.catalina.startup.HostConfig.deployDirectory Deploying web application directory [/home/muhajirun/Documents/workspace/UMN/4021/Lab2/apache-tomcat-8.5.30/webapps/manager]
24-Apr-2018 05:04:53.242 INFO [localhost-startStop-1] org.apache.catalina.startup.HostConfig.deployDirectory Deployment of web application directory [/home/muhajirun/Documents/workspace/UMN/4021/Lab2/apache-tomcat-8.5.30/webapps/manager] has finished in [25] ms
24-Apr-2018 05:04:53.245 INFO [main] org.apache.coyote.AbstractProtocol.start Starting ProtocolHandler ["http-nio-8080"]
24-Apr-2018 05:04:53.253 INFO [main] org.apache.coyote.AbstractProtocol.start Starting ProtocolHandler ["ajp-nio-8009"]
24-Apr-2018 05:04:53.254 INFO [main] org.apache.catalina.startup.Catalina.start Server startup in 837 ms
24-Apr-2018 05:05:04.122 INFO [main] org.apache.catalina.core.StandardServer.await A valid shutdown command was received via the shutdown port. Stopping the Server instance.
24-Apr-2018 05:05:04.123 INFO [main] org.apache.coyote.AbstractProtocol.pause Pausing ProtocolHandler ["http-nio-8080"]
24-Apr-2018 05:05:04.126 INFO [main] org.apache.coyote.AbstractProtocol.pause Pausing ProtocolHandler ["ajp-nio-8009"]
24-Apr-2018 05:05:04.177 INFO [main] org.apache.catalina.core.StandardService.stopInternal Stopping service [Catalina]
24-Apr-2018 05:05:04.205 INFO [main] org.apache.coyote.AbstractProtocol.stop Stopping ProtocolHandler ["http-nio-8080"]
24-Apr-2018 05:05:04.207 INFO [main] org.apache.coyote.AbstractProtocol.stop Stopping ProtocolHandler ["ajp-nio-8009"]
24-Apr-2018 05:05:04.208 INFO [main] org.apache.coyote.AbstractProtocol.destroy Destroying ProtocolHandler ["http-nio-8080"]
24-Apr-2018 05:05:04.209 INFO [main] org.apache.coyote.AbstractProtocol.destroy Destroying ProtocolHandler ["ajp-nio-8009"]
24-Apr-2018 05:05:49.266 INFO [main] org.apache.catalina.startup.VersionLoggerListener.log Server version:        Apache Tomcat/8.5.30
24-Apr-2018 05:05:49.269 INFO [main] org.apache.catalina.startup.VersionLoggerListener.log Server built:          Apr 3 2018 20:04:09 UTC
24-Apr-2018 05:05:49.269 INFO [main] org.apache.catalina.startup.VersionLoggerListener.log Server number:         8.5.30.0
24-Apr-2018 05:05:49.269 INFO [main] org.apache.catalina.startup.VersionLoggerListener.log OS Name:               Linux
24-Apr-2018 05:05:49.269 INFO [main] org.apache.catalina.startup.VersionLoggerListener.log OS Version:            4.4.0-121-generic
24-Apr-2018 05:05:49.269 INFO [main] org.apache.catalina.startup.VersionLoggerListener.log Architecture:          amd64
24-Apr-2018 05:05:49.270 INFO [main] org.apache.catalina.startup.VersionLoggerListener.log Java Home:             /usr/lib/jvm/java-8-openjdk-amd64/jre
24-Apr-2018 05:05:49.270 INFO [main] org.apache.catalina.startup.VersionLoggerListener.log JVM Version:           1.8.0_162-8u162-b12-0ubuntu0.16.04.2-b12
24-Apr-2018 05:05:49.270 INFO [main] org.apache.catalina.startup.VersionLoggerListener.log JVM Vendor:            Oracle Corporation
24-Apr-2018 05:05:49.270 INFO [main] org.apache.catalina.startup.VersionLoggerListener.log CATALINA_BASE:         /home/muhajirun/Documents/workspace/UMN/4021/Lab2/server
24-Apr-2018 05:05:49.270 INFO [main] org.apache.catalina.startup.VersionLoggerListener.log CATALINA_HOME:         /home/muhajirun/Documents/workspace/UMN/4021/Lab2/server
24-Apr-2018 05:05:49.271 INFO [main] org.apache.catalina.startup.VersionLoggerListener.log Command line argument: -Djava.util.logging.config.file=/home/muhajirun/Documents/workspace/UMN/4021/Lab2/server/conf/logging.properties
24-Apr-2018 05:05:49.271 INFO [main] org.apache.catalina.startup.VersionLoggerListener.log Command line argument: -Djava.util.logging.manager=org.apache.juli.ClassLoaderLogManager
24-Apr-2018 05:05:49.271 INFO [main] org.apache.catalina.startup.VersionLoggerListener.log Command line argument: -Djdk.tls.ephemeralDHKeySize=2048
24-Apr-2018 05:05:49.271 INFO [main] org.apache.catalina.startup.VersionLoggerListener.log Command line argument: -Djava.protocol.handler.pkgs=org.apache.catalina.webresources
24-Apr-2018 05:05:49.271 INFO [main] org.apache.catalina.startup.VersionLoggerListener.log Command line argument: -Dorg.apache.catalina.security.SecurityListener.UMASK=0027
24-Apr-2018 05:05:49.272 INFO [main] org.apache.catalina.startup.VersionLoggerListener.log Command line argument: -Dignore.endorsed.dirs=
24-Apr-2018 05:05:49.272 INFO [main] org.apache.catalina.startup.VersionLoggerListener.log Command line argument: -Dcatalina.base=/home/muhajirun/Documents/workspace/UMN/4021/Lab2/server
24-Apr-2018 05:05:49.272 INFO [main] org.apache.catalina.startup.VersionLoggerListener.log Command line argument: -Dcatalina.home=/home/muhajirun/Documents/workspace/UMN/4021/Lab2/server
24-Apr-2018 05:05:49.272 INFO [main] org.apache.catalina.startup.VersionLoggerListener.log Command line argument: -Djava.io.tmpdir=/home/muhajirun/Documents/workspace/UMN/4021/Lab2/server/temp
24-Apr-2018 05:05:49.272 INFO [main] org.apache.catalina.core.AprLifecycleListener.lifecycleEvent The APR based Apache Tomcat Native library which allows optimal performance in production environments was not found on the java.library.path: [/usr/java/packages/lib/amd64:/usr/lib/x86_64-linux-gnu/jni:/lib/x86_64-linux-gnu:/usr/lib/x86_64-linux-gnu:/usr/lib/jni:/lib:/usr/lib]
24-Apr-2018 05:05:49.361 INFO [main] org.apache.coyote.AbstractProtocol.init Initializing ProtocolHandler ["http-nio-8080"]
24-Apr-2018 05:05:49.373 INFO [main] org.apache.tomcat.util.net.NioSelectorPool.getSharedSelector Using a shared selector for servlet write/read
24-Apr-2018 05:05:49.382 INFO [main] org.apache.coyote.AbstractProtocol.init Initializing ProtocolHandler ["ajp-nio-8009"]
24-Apr-2018 05:05:49.384 INFO [main] org.apache.tomcat.util.net.NioSelectorPool.getSharedSelector Using a shared selector for servlet write/read
24-Apr-2018 05:05:49.385 INFO [main] org.apache.catalina.startup.Catalina.load Initialization processed in 513 ms
24-Apr-2018 05:05:49.420 INFO [main] org.apache.catalina.core.StandardService.startInternal Starting service [Catalina]
24-Apr-2018 05:05:49.420 INFO [main] org.apache.catalina.core.StandardEngine.startInternal Starting Servlet Engine: Apache Tomcat/8.5.30
24-Apr-2018 05:05:49.429 INFO [localhost-startStop-1] org.apache.catalina.startup.HostConfig.deployDirectory Deploying web application directory [/home/muhajirun/Documents/workspace/UMN/4021/Lab2/server/webapps/docs]
24-Apr-2018 05:05:49.787 INFO [localhost-startStop-1] org.apache.catalina.startup.HostConfig.deployDirectory Deployment of web application directory [/home/muhajirun/Documents/workspace/UMN/4021/Lab2/server/webapps/docs] has finished in [358] ms
24-Apr-2018 05:05:49.788 INFO [localhost-startStop-1] org.apache.catalina.startup.HostConfig.deployDirectory Deploying web application directory [/home/muhajirun/Documents/workspace/UMN/4021/Lab2/server/webapps/ROOT]
24-Apr-2018 05:05:49.808 INFO [localhost-startStop-1] org.apache.catalina.startup.HostConfig.deployDirectory Deployment of web application directory [/home/muhajirun/Documents/workspace/UMN/4021/Lab2/server/webapps/ROOT] has finished in [20] ms
24-Apr-2018 05:05:49.809 INFO [localhost-startStop-1] org.apache.catalina.startup.HostConfig.deployDirectory Deploying web application directory [/home/muhajirun/Documents/workspace/UMN/4021/Lab2/server/webapps/host-manager]
24-Apr-2018 05:05:49.840 INFO [localhost-startStop-1] org.apache.catalina.startup.HostConfig.deployDirectory Deployment of web application directory [/home/muhajirun/Documents/workspace/UMN/4021/Lab2/server/webapps/host-manager] has finished in [31] ms
24-Apr-2018 05:05:49.840 INFO [localhost-startStop-1] org.apache.catalina.startup.HostConfig.deployDirectory Deploying web application directory [/home/muhajirun/Documents/workspace/UMN/4021/Lab2/server/webapps/examples]
24-Apr-2018 05:05:50.117 INFO [localhost-startStop-1] org.apache.catalina.startup.HostConfig.deployDirectory Deployment of web application directory [/home/muhajirun/Documents/workspace/UMN/4021/Lab2/server/webapps/examples] has finished in [276] ms
24-Apr-2018 05:05:50.117 INFO [localhost-startStop-1] org.apache.catalina.startup.HostConfig.deployDirectory Deploying web application directory [/home/muhajirun/Documents/workspace/UMN/4021/Lab2/server/webapps/manager]
24-Apr-2018 05:05:50.143 INFO [localhost-startStop-1] org.apache.catalina.startup.HostConfig.deployDirectory Deployment of web application directory [/home/muhajirun/Documents/workspace/UMN/4021/Lab2/server/webapps/manager] has finished in [26] ms
24-Apr-2018 05:05:50.147 INFO [main] org.apache.coyote.AbstractProtocol.start Starting ProtocolHandler ["http-nio-8080"]
24-Apr-2018 05:05:50.155 INFO [main] org.apache.coyote.AbstractProtocol.start Starting ProtocolHandler ["ajp-nio-8009"]
24-Apr-2018 05:05:50.157 INFO [main] org.apache.catalina.startup.Catalina.start Server startup in 772 ms
24-Apr-2018 05:06:16.363 INFO [main] org.apache.catalina.core.StandardServer.await A valid shutdown command was received via the shutdown port. Stopping the Server instance.
24-Apr-2018 05:06:16.367 INFO [main] org.apache.coyote.AbstractProtocol.pause Pausing ProtocolHandler ["http-nio-8080"]
24-Apr-2018 05:06:16.371 INFO [main] org.apache.coyote.AbstractProtocol.pause Pausing ProtocolHandler ["ajp-nio-8009"]
24-Apr-2018 05:06:16.422 INFO [main] org.apache.catalina.core.StandardService.stopInternal Stopping service [Catalina]
24-Apr-2018 05:06:16.449 INFO [main] org.apache.coyote.AbstractProtocol.stop Stopping ProtocolHandler ["http-nio-8080"]
24-Apr-2018 05:06:16.453 INFO [main] org.apache.coyote.AbstractProtocol.stop Stopping ProtocolHandler ["ajp-nio-8009"]
24-Apr-2018 05:06:16.455 INFO [main] org.apache.coyote.AbstractProtocol.destroy Destroying ProtocolHandler ["http-nio-8080"]
24-Apr-2018 05:06:16.456 INFO [main] org.apache.coyote.AbstractProtocol.destroy Destroying ProtocolHandler ["ajp-nio-8009"]
