23-Apr-2018 20:00:34.830 INFO [main] org.apache.catalina.startup.VersionLoggerListener.log Server version:        Apache Tomcat/8.5.30
23-Apr-2018 20:00:34.866 INFO [main] org.apache.catalina.startup.VersionLoggerListener.log Server built:          Apr 3 2018 20:04:09 UTC
23-Apr-2018 20:00:34.866 INFO [main] org.apache.catalina.startup.VersionLoggerListener.log Server number:         8.5.30.0
23-Apr-2018 20:00:34.866 INFO [main] org.apache.catalina.startup.VersionLoggerListener.log OS Name:               Linux
23-Apr-2018 20:00:34.866 INFO [main] org.apache.catalina.startup.VersionLoggerListener.log OS Version:            4.4.0-121-generic
23-Apr-2018 20:00:34.866 INFO [main] org.apache.catalina.startup.VersionLoggerListener.log Architecture:          amd64
23-Apr-2018 20:00:34.866 INFO [main] org.apache.catalina.startup.VersionLoggerListener.log Java Home:             /usr/lib/jvm/java-9-openjdk-amd64
23-Apr-2018 20:00:34.866 INFO [main] org.apache.catalina.startup.VersionLoggerListener.log JVM Version:           9-internal+0-2016-04-14-195246.buildd.src
23-Apr-2018 20:00:34.867 INFO [main] org.apache.catalina.startup.VersionLoggerListener.log JVM Vendor:            Oracle Corporation
23-Apr-2018 20:00:34.867 INFO [main] org.apache.catalina.startup.VersionLoggerListener.log CATALINA_BASE:         /home/muhajirun/Documents/workspace/UMN/4021/Lab2/apache-tomcat-8.5.30
23-Apr-2018 20:00:34.867 INFO [main] org.apache.catalina.startup.VersionLoggerListener.log CATALINA_HOME:         /home/muhajirun/Documents/workspace/UMN/4021/Lab2/apache-tomcat-8.5.30
23-Apr-2018 20:00:34.869 INFO [main] org.apache.catalina.startup.VersionLoggerListener.log Command line argument: -Djava.util.logging.config.file=/home/muhajirun/Documents/workspace/UMN/4021/Lab2/apache-tomcat-8.5.30/conf/logging.properties
23-Apr-2018 20:00:34.869 INFO [main] org.apache.catalina.startup.VersionLoggerListener.log Command line argument: -Djava.util.logging.manager=org.apache.juli.ClassLoaderLogManager
23-Apr-2018 20:00:34.870 INFO [main] org.apache.catalina.startup.VersionLoggerListener.log Command line argument: -Djdk.tls.ephemeralDHKeySize=2048
23-Apr-2018 20:00:34.870 INFO [main] org.apache.catalina.startup.VersionLoggerListener.log Command line argument: -Djava.protocol.handler.pkgs=org.apache.catalina.webresources
23-Apr-2018 20:00:34.870 INFO [main] org.apache.catalina.startup.VersionLoggerListener.log Command line argument: -Dorg.apache.catalina.security.SecurityListener.UMASK=0027
23-Apr-2018 20:00:34.870 INFO [main] org.apache.catalina.startup.VersionLoggerListener.log Command line argument: -Dignore.endorsed.dirs=
23-Apr-2018 20:00:34.870 INFO [main] org.apache.catalina.startup.VersionLoggerListener.log Command line argument: -Dcatalina.base=/home/muhajirun/Documents/workspace/UMN/4021/Lab2/apache-tomcat-8.5.30
23-Apr-2018 20:00:34.870 INFO [main] org.apache.catalina.startup.VersionLoggerListener.log Command line argument: -Dcatalina.home=/home/muhajirun/Documents/workspace/UMN/4021/Lab2/apache-tomcat-8.5.30
23-Apr-2018 20:00:34.870 INFO [main] org.apache.catalina.startup.VersionLoggerListener.log Command line argument: -Djava.io.tmpdir=/home/muhajirun/Documents/workspace/UMN/4021/Lab2/apache-tomcat-8.5.30/temp
23-Apr-2018 20:00:34.871 INFO [main] org.apache.catalina.core.AprLifecycleListener.lifecycleEvent The APR based Apache Tomcat Native library which allows optimal performance in production environments was not found on the java.library.path: [/usr/java/packages/lib/amd64:/usr/lib/x86_64-linux-gnu/jni:/lib/x86_64-linux-gnu:/usr/lib/x86_64-linux-gnu:/usr/lib/jni:/lib:/usr/lib]
23-Apr-2018 20:00:34.895 SEVERE [main] org.apache.catalina.core.JreMemoryLeakPreventionListener.lifecycleEvent Failed to trigger creation of the GC Daemon thread during Tomcat start to prevent possible memory leaks. This is expected on non-Sun JVMs.
 java.lang.ClassNotFoundException: sun.misc.GC
	at java.net.URLClassLoader.findClass(java.base@9-internal/URLClassLoader.java:384)
	at java.lang.ClassLoader.loadClass(java.base@9-internal/ClassLoader.java:486)
	at java.lang.ClassLoader.loadClass(java.base@9-internal/ClassLoader.java:419)
	at java.lang.Class.forName0(java.base@9-internal/Native Method)
	at java.lang.Class.forName(java.base@9-internal/Class.java:294)
	at org.apache.catalina.core.JreMemoryLeakPreventionListener.lifecycleEvent(JreMemoryLeakPreventionListener.java:302)
	at org.apache.catalina.util.LifecycleBase.fireLifecycleEvent(LifecycleBase.java:94)
	at org.apache.catalina.util.LifecycleBase.setStateInternal(LifecycleBase.java:395)
	at org.apache.catalina.util.LifecycleBase.init(LifecycleBase.java:106)
	at org.apache.catalina.startup.Catalina.load(Catalina.java:632)
	at org.apache.catalina.startup.Catalina.load(Catalina.java:655)
	at sun.reflect.NativeMethodAccessorImpl.invoke0(java.base@9-internal/Native Method)
	at sun.reflect.NativeMethodAccessorImpl.invoke(java.base@9-internal/NativeMethodAccessorImpl.java:62)
	at sun.reflect.DelegatingMethodAccessorImpl.invoke(java.base@9-internal/DelegatingMethodAccessorImpl.java:43)
	at java.lang.reflect.Method.invoke(java.base@9-internal/Method.java:531)
	at org.apache.catalina.startup.Bootstrap.load(Bootstrap.java:309)
	at org.apache.catalina.startup.Bootstrap.main(Bootstrap.java:492)

23-Apr-2018 20:00:35.263 INFO [main] org.apache.coyote.AbstractProtocol.init Initializing ProtocolHandler ["http-nio-8080"]
23-Apr-2018 20:00:35.301 INFO [main] org.apache.tomcat.util.net.NioSelectorPool.getSharedSelector Using a shared selector for servlet write/read
23-Apr-2018 20:00:35.317 INFO [main] org.apache.coyote.AbstractProtocol.init Initializing ProtocolHandler ["ajp-nio-8009"]
23-Apr-2018 20:00:35.327 INFO [main] org.apache.tomcat.util.net.NioSelectorPool.getSharedSelector Using a shared selector for servlet write/read
23-Apr-2018 20:00:35.333 INFO [main] org.apache.catalina.startup.Catalina.load Initialization processed in 1208 ms
23-Apr-2018 20:00:35.376 INFO [main] org.apache.catalina.core.StandardService.startInternal Starting service [Catalina]
23-Apr-2018 20:00:35.376 INFO [main] org.apache.catalina.core.StandardEngine.startInternal Starting Servlet Engine: Apache Tomcat/8.5.30
23-Apr-2018 20:00:35.400 INFO [localhost-startStop-1] org.apache.catalina.startup.HostConfig.deployDirectory Deploying web application directory [/home/muhajirun/Documents/workspace/UMN/4021/Lab2/apache-tomcat-8.5.30/webapps/docs]
23-Apr-2018 20:00:40.871 WARNING [localhost-startStop-1] org.apache.catalina.util.SessionIdGeneratorBase.createSecureRandom Creation of SecureRandom instance for session ID generation using [SHA1PRNG] took [5,015] milliseconds.
23-Apr-2018 20:00:40.895 INFO [localhost-startStop-1] org.apache.catalina.startup.HostConfig.deployDirectory Deployment of web application directory [/home/muhajirun/Documents/workspace/UMN/4021/Lab2/apache-tomcat-8.5.30/webapps/docs] has finished in [5,494] ms
23-Apr-2018 20:00:40.895 INFO [localhost-startStop-1] org.apache.catalina.startup.HostConfig.deployDirectory Deploying web application directory [/home/muhajirun/Documents/workspace/UMN/4021/Lab2/apache-tomcat-8.5.30/webapps/ROOT]
23-Apr-2018 20:00:40.923 INFO [localhost-startStop-1] org.apache.catalina.startup.HostConfig.deployDirectory Deployment of web application directory [/home/muhajirun/Documents/workspace/UMN/4021/Lab2/apache-tomcat-8.5.30/webapps/ROOT] has finished in [28] ms
23-Apr-2018 20:00:40.925 INFO [localhost-startStop-1] org.apache.catalina.startup.HostConfig.deployDirectory Deploying web application directory [/home/muhajirun/Documents/workspace/UMN/4021/Lab2/apache-tomcat-8.5.30/webapps/host-manager]
23-Apr-2018 20:00:40.976 INFO [localhost-startStop-1] org.apache.catalina.startup.HostConfig.deployDirectory Deployment of web application directory [/home/muhajirun/Documents/workspace/UMN/4021/Lab2/apache-tomcat-8.5.30/webapps/host-manager] has finished in [52] ms
23-Apr-2018 20:00:40.977 INFO [localhost-startStop-1] org.apache.catalina.startup.HostConfig.deployDirectory Deploying web application directory [/home/muhajirun/Documents/workspace/UMN/4021/Lab2/apache-tomcat-8.5.30/webapps/examples]
23-Apr-2018 20:00:41.583 INFO [localhost-startStop-1] org.apache.catalina.startup.HostConfig.deployDirectory Deployment of web application directory [/home/muhajirun/Documents/workspace/UMN/4021/Lab2/apache-tomcat-8.5.30/webapps/examples] has finished in [606] ms
23-Apr-2018 20:00:41.587 INFO [localhost-startStop-1] org.apache.catalina.startup.HostConfig.deployDirectory Deploying web application directory [/home/muhajirun/Documents/workspace/UMN/4021/Lab2/apache-tomcat-8.5.30/webapps/manager]
23-Apr-2018 20:00:41.626 INFO [localhost-startStop-1] org.apache.catalina.startup.HostConfig.deployDirectory Deployment of web application directory [/home/muhajirun/Documents/workspace/UMN/4021/Lab2/apache-tomcat-8.5.30/webapps/manager] has finished in [39] ms
23-Apr-2018 20:00:41.636 INFO [main] org.apache.coyote.AbstractProtocol.start Starting ProtocolHandler ["http-nio-8080"]
23-Apr-2018 20:00:41.645 INFO [main] org.apache.coyote.AbstractProtocol.start Starting ProtocolHandler ["ajp-nio-8009"]
23-Apr-2018 20:00:41.649 INFO [main] org.apache.catalina.startup.Catalina.start Server startup in 6315 ms
23-Apr-2018 20:06:28.616 INFO [main] org.apache.catalina.core.StandardServer.await A valid shutdown command was received via the shutdown port. Stopping the Server instance.
23-Apr-2018 20:06:28.616 INFO [main] org.apache.coyote.AbstractProtocol.pause Pausing ProtocolHandler ["http-nio-8080"]
23-Apr-2018 20:06:28.670 INFO [main] org.apache.coyote.AbstractProtocol.pause Pausing ProtocolHandler ["ajp-nio-8009"]
23-Apr-2018 20:06:28.721 INFO [main] org.apache.catalina.core.StandardService.stopInternal Stopping service [Catalina]
23-Apr-2018 20:06:28.738 SEVERE [Catalina-startStop-2] org.apache.catalina.core.ContainerBase.stopInternal A child container failed during stop
 java.util.concurrent.ExecutionException: org.apache.catalina.LifecycleException: Failed to stop component [StandardEngine[Catalina].StandardHost[localhost].StandardContext[]]
	at java.util.concurrent.FutureTask.report(java.base@9-internal/FutureTask.java:123)
	at java.util.concurrent.FutureTask.get(java.base@9-internal/FutureTask.java:193)
	at org.apache.catalina.core.ContainerBase.stopInternal(ContainerBase.java:997)
	at org.apache.catalina.util.LifecycleBase.stop(LifecycleBase.java:226)
	at org.apache.catalina.core.ContainerBase$StopChild.call(ContainerBase.java:1437)
	at org.apache.catalina.core.ContainerBase$StopChild.call(ContainerBase.java:1426)
	at java.util.concurrent.FutureTask.run(java.base@9-internal/FutureTask.java:266)
	at java.util.concurrent.ThreadPoolExecutor.runWorker(java.base@9-internal/ThreadPoolExecutor.java:1158)
	at java.util.concurrent.ThreadPoolExecutor$Worker.run(java.base@9-internal/ThreadPoolExecutor.java:632)
	at java.lang.Thread.run(java.base@9-internal/Thread.java:804)
Caused by: org.apache.catalina.LifecycleException: Failed to stop component [StandardEngine[Catalina].StandardHost[localhost].StandardContext[]]
	at org.apache.catalina.util.LifecycleBase.stop(LifecycleBase.java:238)
	... 6 more
Caused by: org.apache.catalina.LifecycleException: Failed to stop component [WebappLoader[]]
	at org.apache.catalina.util.LifecycleBase.stop(LifecycleBase.java:238)
	at org.apache.catalina.core.StandardContext.stopInternal(StandardContext.java:5498)
	at org.apache.catalina.util.LifecycleBase.stop(LifecycleBase.java:226)
	... 6 more
Caused by: java.lang.reflect.InaccessibleObjectException: Unable to make member of class sun.rmi.transport.Target accessible:  module java.rmi does not export sun.rmi.transport to unnamed module @307f6b8c
	at sun.reflect.Reflection.throwInaccessibleObjectException(java.base@9-internal/Reflection.java:420)
	at java.lang.reflect.AccessibleObject.checkCanSetAccessible(java.base@9-internal/AccessibleObject.java:174)
	at java.lang.reflect.Field.checkCanSetAccessible(java.base@9-internal/Field.java:170)
	at java.lang.reflect.Field.setAccessible(java.base@9-internal/Field.java:164)
	at org.apache.catalina.loader.WebappClassLoaderBase.clearReferencesRmiTargets(WebappClassLoaderBase.java:2103)
	at org.apache.catalina.loader.WebappClassLoaderBase.clearReferences(WebappClassLoaderBase.java:1563)
	at org.apache.catalina.loader.WebappClassLoaderBase.stop(WebappClassLoaderBase.java:1500)
	at org.apache.catalina.loader.WebappLoader.stopInternal(WebappLoader.java:447)
	at org.apache.catalina.util.LifecycleBase.stop(LifecycleBase.java:226)
	... 8 more

23-Apr-2018 20:06:28.759 SEVERE [Catalina-startStop-2] org.apache.catalina.core.ContainerBase.stopInternal A child container failed during stop
 java.util.concurrent.ExecutionException: org.apache.catalina.LifecycleException: Failed to stop component [StandardEngine[Catalina].StandardHost[localhost].StandardContext[/examples]]
	at java.util.concurrent.FutureTask.report(java.base@9-internal/FutureTask.java:123)
	at java.util.concurrent.FutureTask.get(java.base@9-internal/FutureTask.java:193)
	at org.apache.catalina.core.ContainerBase.stopInternal(ContainerBase.java:997)
	at org.apache.catalina.util.LifecycleBase.stop(LifecycleBase.java:226)
	at org.apache.catalina.core.ContainerBase$StopChild.call(ContainerBase.java:1437)
	at org.apache.catalina.core.ContainerBase$StopChild.call(ContainerBase.java:1426)
	at java.util.concurrent.FutureTask.run(java.base@9-internal/FutureTask.java:266)
	at java.util.concurrent.ThreadPoolExecutor.runWorker(java.base@9-internal/ThreadPoolExecutor.java:1158)
	at java.util.concurrent.ThreadPoolExecutor$Worker.run(java.base@9-internal/ThreadPoolExecutor.java:632)
	at java.lang.Thread.run(java.base@9-internal/Thread.java:804)
Caused by: org.apache.catalina.LifecycleException: Failed to stop component [StandardEngine[Catalina].StandardHost[localhost].StandardContext[/examples]]
	at org.apache.catalina.util.LifecycleBase.stop(LifecycleBase.java:238)
	... 6 more
Caused by: org.apache.catalina.LifecycleException: Failed to stop component [WebappLoader[/examples]]
	at org.apache.catalina.util.LifecycleBase.stop(LifecycleBase.java:238)
	at org.apache.catalina.core.StandardContext.stopInternal(StandardContext.java:5498)
	at org.apache.catalina.util.LifecycleBase.stop(LifecycleBase.java:226)
	... 6 more
Caused by: java.lang.reflect.InaccessibleObjectException: Unable to make member of class sun.rmi.transport.Target accessible:  module java.rmi does not export sun.rmi.transport to unnamed module @307f6b8c
	at sun.reflect.Reflection.throwInaccessibleObjectException(java.base@9-internal/Reflection.java:420)
	at java.lang.reflect.AccessibleObject.checkCanSetAccessible(java.base@9-internal/AccessibleObject.java:174)
	at java.lang.reflect.Field.checkCanSetAccessible(java.base@9-internal/Field.java:170)
	at java.lang.reflect.Field.setAccessible(java.base@9-internal/Field.java:164)
	at org.apache.catalina.loader.WebappClassLoaderBase.clearReferencesRmiTargets(WebappClassLoaderBase.java:2103)
	at org.apache.catalina.loader.WebappClassLoaderBase.clearReferences(WebappClassLoaderBase.java:1563)
	at org.apache.catalina.loader.WebappClassLoaderBase.stop(WebappClassLoaderBase.java:1500)
	at org.apache.catalina.loader.WebappLoader.stopInternal(WebappLoader.java:447)
	at org.apache.catalina.util.LifecycleBase.stop(LifecycleBase.java:226)
	... 8 more

23-Apr-2018 20:06:28.777 SEVERE [Catalina-startStop-2] org.apache.catalina.core.ContainerBase.stopInternal A child container failed during stop
 java.util.concurrent.ExecutionException: org.apache.catalina.LifecycleException: Failed to stop component [StandardEngine[Catalina].StandardHost[localhost].StandardContext[/host-manager]]
	at java.util.concurrent.FutureTask.report(java.base@9-internal/FutureTask.java:123)
	at java.util.concurrent.FutureTask.get(java.base@9-internal/FutureTask.java:193)
	at org.apache.catalina.core.ContainerBase.stopInternal(ContainerBase.java:997)
	at org.apache.catalina.util.LifecycleBase.stop(LifecycleBase.java:226)
	at org.apache.catalina.core.ContainerBase$StopChild.call(ContainerBase.java:1437)
	at org.apache.catalina.core.ContainerBase$StopChild.call(ContainerBase.java:1426)
	at java.util.concurrent.FutureTask.run(java.base@9-internal/FutureTask.java:266)
	at java.util.concurrent.ThreadPoolExecutor.runWorker(java.base@9-internal/ThreadPoolExecutor.java:1158)
	at java.util.concurrent.ThreadPoolExecutor$Worker.run(java.base@9-internal/ThreadPoolExecutor.java:632)
	at java.lang.Thread.run(java.base@9-internal/Thread.java:804)
Caused by: org.apache.catalina.LifecycleException: Failed to stop component [StandardEngine[Catalina].StandardHost[localhost].StandardContext[/host-manager]]
	at org.apache.catalina.util.LifecycleBase.stop(LifecycleBase.java:238)
	... 6 more
Caused by: org.apache.catalina.LifecycleException: Failed to stop component [WebappLoader[/host-manager]]
	at org.apache.catalina.util.LifecycleBase.stop(LifecycleBase.java:238)
	at org.apache.catalina.core.StandardContext.stopInternal(StandardContext.java:5498)
	at org.apache.catalina.util.LifecycleBase.stop(LifecycleBase.java:226)
	... 6 more
Caused by: java.lang.reflect.InaccessibleObjectException: Unable to make member of class sun.rmi.transport.Target accessible:  module java.rmi does not export sun.rmi.transport to unnamed module @307f6b8c
	at sun.reflect.Reflection.throwInaccessibleObjectException(java.base@9-internal/Reflection.java:420)
	at java.lang.reflect.AccessibleObject.checkCanSetAccessible(java.base@9-internal/AccessibleObject.java:174)
	at java.lang.reflect.Field.checkCanSetAccessible(java.base@9-internal/Field.java:170)
	at java.lang.reflect.Field.setAccessible(java.base@9-internal/Field.java:164)
	at org.apache.catalina.loader.WebappClassLoaderBase.clearReferencesRmiTargets(WebappClassLoaderBase.java:2103)
	at org.apache.catalina.loader.WebappClassLoaderBase.clearReferences(WebappClassLoaderBase.java:1563)
	at org.apache.catalina.loader.WebappClassLoaderBase.stop(WebappClassLoaderBase.java:1500)
	at org.apache.catalina.loader.WebappLoader.stopInternal(WebappLoader.java:447)
	at org.apache.catalina.util.LifecycleBase.stop(LifecycleBase.java:226)
	... 8 more

23-Apr-2018 20:06:28.785 SEVERE [Catalina-startStop-2] org.apache.catalina.core.ContainerBase.stopInternal A child container failed during stop
 java.util.concurrent.ExecutionException: org.apache.catalina.LifecycleException: Failed to stop component [StandardEngine[Catalina].StandardHost[localhost].StandardContext[/manager]]
	at java.util.concurrent.FutureTask.report(java.base@9-internal/FutureTask.java:123)
	at java.util.concurrent.FutureTask.get(java.base@9-internal/FutureTask.java:193)
	at org.apache.catalina.core.ContainerBase.stopInternal(ContainerBase.java:997)
	at org.apache.catalina.util.LifecycleBase.stop(LifecycleBase.java:226)
	at org.apache.catalina.core.ContainerBase$StopChild.call(ContainerBase.java:1437)
	at org.apache.catalina.core.ContainerBase$StopChild.call(ContainerBase.java:1426)
	at java.util.concurrent.FutureTask.run(java.base@9-internal/FutureTask.java:266)
	at java.util.concurrent.ThreadPoolExecutor.runWorker(java.base@9-internal/ThreadPoolExecutor.java:1158)
	at java.util.concurrent.ThreadPoolExecutor$Worker.run(java.base@9-internal/ThreadPoolExecutor.java:632)
	at java.lang.Thread.run(java.base@9-internal/Thread.java:804)
Caused by: org.apache.catalina.LifecycleException: Failed to stop component [StandardEngine[Catalina].StandardHost[localhost].StandardContext[/manager]]
	at org.apache.catalina.util.LifecycleBase.stop(LifecycleBase.java:238)
	... 6 more
Caused by: org.apache.catalina.LifecycleException: Failed to stop component [WebappLoader[/manager]]
	at org.apache.catalina.util.LifecycleBase.stop(LifecycleBase.java:238)
	at org.apache.catalina.core.StandardContext.stopInternal(StandardContext.java:5498)
	at org.apache.catalina.util.LifecycleBase.stop(LifecycleBase.java:226)
	... 6 more
Caused by: java.lang.reflect.InaccessibleObjectException: Unable to make member of class sun.rmi.transport.Target accessible:  module java.rmi does not export sun.rmi.transport to unnamed module @307f6b8c
	at sun.reflect.Reflection.throwInaccessibleObjectException(java.base@9-internal/Reflection.java:420)
	at java.lang.reflect.AccessibleObject.checkCanSetAccessible(java.base@9-internal/AccessibleObject.java:174)
	at java.lang.reflect.Field.checkCanSetAccessible(java.base@9-internal/Field.java:170)
	at java.lang.reflect.Field.setAccessible(java.base@9-internal/Field.java:164)
	at org.apache.catalina.loader.WebappClassLoaderBase.clearReferencesRmiTargets(WebappClassLoaderBase.java:2103)
	at org.apache.catalina.loader.WebappClassLoaderBase.clearReferences(WebappClassLoaderBase.java:1563)
	at org.apache.catalina.loader.WebappClassLoaderBase.stop(WebappClassLoaderBase.java:1500)
	at org.apache.catalina.loader.WebappLoader.stopInternal(WebappLoader.java:447)
	at org.apache.catalina.util.LifecycleBase.stop(LifecycleBase.java:226)
	... 8 more

23-Apr-2018 20:06:28.789 WARNING [localhost-startStop-2] org.apache.catalina.loader.WebappClassLoaderBase.clearReferencesThreads The web application [docs] appears to have started a thread named [SeedGenerator Thread] but has failed to stop it. This is very likely to create a memory leak. Stack trace of thread:
 java.lang.Object.wait(java.base@9-internal/Native Method)
 java.lang.Object.wait(java.base@9-internal/Object.java:516)
 sun.security.provider.SeedGenerator$ThreadedSeedGenerator.run(java.base@9-internal/SeedGenerator.java:332)
 java.lang.Thread.run(java.base@9-internal/Thread.java:804)
23-Apr-2018 20:06:28.789 SEVERE [Catalina-startStop-2] org.apache.catalina.core.ContainerBase.stopInternal A child container failed during stop
 java.util.concurrent.ExecutionException: org.apache.catalina.LifecycleException: Failed to stop component [StandardEngine[Catalina].StandardHost[localhost].StandardContext[/docs]]
	at java.util.concurrent.FutureTask.report(java.base@9-internal/FutureTask.java:123)
	at java.util.concurrent.FutureTask.get(java.base@9-internal/FutureTask.java:193)
	at org.apache.catalina.core.ContainerBase.stopInternal(ContainerBase.java:997)
	at org.apache.catalina.util.LifecycleBase.stop(LifecycleBase.java:226)
	at org.apache.catalina.core.ContainerBase$StopChild.call(ContainerBase.java:1437)
	at org.apache.catalina.core.ContainerBase$StopChild.call(ContainerBase.java:1426)
	at java.util.concurrent.FutureTask.run(java.base@9-internal/FutureTask.java:266)
	at java.util.concurrent.ThreadPoolExecutor.runWorker(java.base@9-internal/ThreadPoolExecutor.java:1158)
	at java.util.concurrent.ThreadPoolExecutor$Worker.run(java.base@9-internal/ThreadPoolExecutor.java:632)
	at java.lang.Thread.run(java.base@9-internal/Thread.java:804)
Caused by: org.apache.catalina.LifecycleException: Failed to stop component [StandardEngine[Catalina].StandardHost[localhost].StandardContext[/docs]]
	at org.apache.catalina.util.LifecycleBase.stop(LifecycleBase.java:238)
	... 6 more
Caused by: org.apache.catalina.LifecycleException: Failed to stop component [WebappLoader[/docs]]
	at org.apache.catalina.util.LifecycleBase.stop(LifecycleBase.java:238)
	at org.apache.catalina.core.StandardContext.stopInternal(StandardContext.java:5498)
	at org.apache.catalina.util.LifecycleBase.stop(LifecycleBase.java:226)
	... 6 more
Caused by: java.lang.reflect.InaccessibleObjectException: Unable to make member of class sun.rmi.transport.Target accessible:  module java.rmi does not export sun.rmi.transport to unnamed module @307f6b8c
	at sun.reflect.Reflection.throwInaccessibleObjectException(java.base@9-internal/Reflection.java:420)
	at java.lang.reflect.AccessibleObject.checkCanSetAccessible(java.base@9-internal/AccessibleObject.java:174)
	at java.lang.reflect.Field.checkCanSetAccessible(java.base@9-internal/Field.java:170)
	at java.lang.reflect.Field.setAccessible(java.base@9-internal/Field.java:164)
	at org.apache.catalina.loader.WebappClassLoaderBase.clearReferencesRmiTargets(WebappClassLoaderBase.java:2103)
	at org.apache.catalina.loader.WebappClassLoaderBase.clearReferences(WebappClassLoaderBase.java:1563)
	at org.apache.catalina.loader.WebappClassLoaderBase.stop(WebappClassLoaderBase.java:1500)
	at org.apache.catalina.loader.WebappLoader.stopInternal(WebappLoader.java:447)
	at org.apache.catalina.util.LifecycleBase.stop(LifecycleBase.java:226)
	... 8 more

23-Apr-2018 20:06:28.790 SEVERE [1] org.apache.catalina.core.ContainerBase.stopInternal A child container failed during stop
 java.util.concurrent.ExecutionException: org.apache.catalina.LifecycleException: Failed to stop component [StandardEngine[Catalina].StandardHost[localhost]]
	at java.util.concurrent.FutureTask.report(java.base@9-internal/FutureTask.java:123)
	at java.util.concurrent.FutureTask.get(java.base@9-internal/FutureTask.java:193)
	at org.apache.catalina.core.ContainerBase.stopInternal(ContainerBase.java:997)
	at org.apache.catalina.util.LifecycleBase.stop(LifecycleBase.java:226)
	at org.apache.catalina.core.StandardService.stopInternal(StandardService.java:483)
	at org.apache.catalina.util.LifecycleBase.stop(LifecycleBase.java:226)
	at org.apache.catalina.core.StandardServer.stopInternal(StandardServer.java:814)
	at org.apache.catalina.util.LifecycleBase.stop(LifecycleBase.java:226)
	at org.apache.catalina.startup.Catalina.stop(Catalina.java:754)
	at org.apache.catalina.startup.Catalina.start(Catalina.java:716)
	at sun.reflect.NativeMethodAccessorImpl.invoke0(java.base@9-internal/Native Method)
	at sun.reflect.NativeMethodAccessorImpl.invoke(java.base@9-internal/NativeMethodAccessorImpl.java:62)
	at sun.reflect.DelegatingMethodAccessorImpl.invoke(java.base@9-internal/DelegatingMethodAccessorImpl.java:43)
	at java.lang.reflect.Method.invoke(java.base@9-internal/Method.java:531)
	at org.apache.catalina.startup.Bootstrap.start(Bootstrap.java:353)
	at org.apache.catalina.startup.Bootstrap.main(Bootstrap.java:493)
Caused by: org.apache.catalina.LifecycleException: Failed to stop component [StandardEngine[Catalina].StandardHost[localhost]]
	at org.apache.catalina.util.LifecycleBase.stop(LifecycleBase.java:238)
	at org.apache.catalina.core.ContainerBase$StopChild.call(ContainerBase.java:1437)
	at org.apache.catalina.core.ContainerBase$StopChild.call(ContainerBase.java:1426)
	at java.util.concurrent.FutureTask.run(java.base@9-internal/FutureTask.java:266)
	at java.util.concurrent.ThreadPoolExecutor.runWorker(java.base@9-internal/ThreadPoolExecutor.java:1158)
	at java.util.concurrent.ThreadPoolExecutor$Worker.run(java.base@9-internal/ThreadPoolExecutor.java:632)
	at java.lang.Thread.run(java.base@9-internal/Thread.java:804)
Caused by: org.apache.catalina.LifecycleException: A child container failed during stop
	at org.apache.catalina.core.ContainerBase.stopInternal(ContainerBase.java:1004)
	at org.apache.catalina.util.LifecycleBase.stop(LifecycleBase.java:226)
	... 6 more

23-Apr-2018 20:06:28.792 SEVERE [1] org.apache.catalina.startup.Catalina.stop Catalina.stop
 org.apache.catalina.LifecycleException: Failed to stop component [StandardServer[8005]]
	at org.apache.catalina.util.LifecycleBase.stop(LifecycleBase.java:238)
	at org.apache.catalina.startup.Catalina.stop(Catalina.java:754)
	at org.apache.catalina.startup.Catalina.start(Catalina.java:716)
	at sun.reflect.NativeMethodAccessorImpl.invoke0(java.base@9-internal/Native Method)
	at sun.reflect.NativeMethodAccessorImpl.invoke(java.base@9-internal/NativeMethodAccessorImpl.java:62)
	at sun.reflect.DelegatingMethodAccessorImpl.invoke(java.base@9-internal/DelegatingMethodAccessorImpl.java:43)
	at java.lang.reflect.Method.invoke(java.base@9-internal/Method.java:531)
	at org.apache.catalina.startup.Bootstrap.start(Bootstrap.java:353)
	at org.apache.catalina.startup.Bootstrap.main(Bootstrap.java:493)
Caused by: org.apache.catalina.LifecycleException: Failed to stop component [StandardService[Catalina]]
	at org.apache.catalina.util.LifecycleBase.stop(LifecycleBase.java:238)
	at org.apache.catalina.core.StandardServer.stopInternal(StandardServer.java:814)
	at org.apache.catalina.util.LifecycleBase.stop(LifecycleBase.java:226)
	... 8 more
Caused by: org.apache.catalina.LifecycleException: Failed to stop component [StandardEngine[Catalina]]
	at org.apache.catalina.util.LifecycleBase.stop(LifecycleBase.java:238)
	at org.apache.catalina.core.StandardService.stopInternal(StandardService.java:483)
	at org.apache.catalina.util.LifecycleBase.stop(LifecycleBase.java:226)
	... 10 more
Caused by: org.apache.catalina.LifecycleException: A child container failed during stop
	at org.apache.catalina.core.ContainerBase.stopInternal(ContainerBase.java:1004)
	at org.apache.catalina.util.LifecycleBase.stop(LifecycleBase.java:226)
	... 12 more

23-Apr-2018 20:07:12.813 INFO [main] org.apache.catalina.startup.VersionLoggerListener.log Server version:        Apache Tomcat/8.5.30
23-Apr-2018 20:07:12.821 INFO [main] org.apache.catalina.startup.VersionLoggerListener.log Server built:          Apr 3 2018 20:04:09 UTC
23-Apr-2018 20:07:12.821 INFO [main] org.apache.catalina.startup.VersionLoggerListener.log Server number:         8.5.30.0
23-Apr-2018 20:07:12.821 INFO [main] org.apache.catalina.startup.VersionLoggerListener.log OS Name:               Linux
23-Apr-2018 20:07:12.821 INFO [main] org.apache.catalina.startup.VersionLoggerListener.log OS Version:            4.4.0-121-generic
23-Apr-2018 20:07:12.821 INFO [main] org.apache.catalina.startup.VersionLoggerListener.log Architecture:          amd64
23-Apr-2018 20:07:12.821 INFO [main] org.apache.catalina.startup.VersionLoggerListener.log Java Home:             /usr/lib/jvm/java-8-openjdk-amd64/jre
23-Apr-2018 20:07:12.822 INFO [main] org.apache.catalina.startup.VersionLoggerListener.log JVM Version:           1.8.0_162-8u162-b12-0ubuntu0.16.04.2-b12
23-Apr-2018 20:07:12.822 INFO [main] org.apache.catalina.startup.VersionLoggerListener.log JVM Vendor:            Oracle Corporation
23-Apr-2018 20:07:12.822 INFO [main] org.apache.catalina.startup.VersionLoggerListener.log CATALINA_BASE:         /home/muhajirun/Documents/workspace/UMN/4021/Lab2/apache-tomcat-8.5.30
23-Apr-2018 20:07:12.822 INFO [main] org.apache.catalina.startup.VersionLoggerListener.log CATALINA_HOME:         /home/muhajirun/Documents/workspace/UMN/4021/Lab2/apache-tomcat-8.5.30
23-Apr-2018 20:07:12.822 INFO [main] org.apache.catalina.startup.VersionLoggerListener.log Command line argument: -Djava.util.logging.config.file=/home/muhajirun/Documents/workspace/UMN/4021/Lab2/apache-tomcat-8.5.30/conf/logging.properties
23-Apr-2018 20:07:12.823 INFO [main] org.apache.catalina.startup.VersionLoggerListener.log Command line argument: -Djava.util.logging.manager=org.apache.juli.ClassLoaderLogManager
23-Apr-2018 20:07:12.823 INFO [main] org.apache.catalina.startup.VersionLoggerListener.log Command line argument: -Djdk.tls.ephemeralDHKeySize=2048
23-Apr-2018 20:07:12.823 INFO [main] org.apache.catalina.startup.VersionLoggerListener.log Command line argument: -Djava.protocol.handler.pkgs=org.apache.catalina.webresources
23-Apr-2018 20:07:12.823 INFO [main] org.apache.catalina.startup.VersionLoggerListener.log Command line argument: -Dorg.apache.catalina.security.SecurityListener.UMASK=0027
23-Apr-2018 20:07:12.823 INFO [main] org.apache.catalina.startup.VersionLoggerListener.log Command line argument: -Dignore.endorsed.dirs=
23-Apr-2018 20:07:12.823 INFO [main] org.apache.catalina.startup.VersionLoggerListener.log Command line argument: -Dcatalina.base=/home/muhajirun/Documents/workspace/UMN/4021/Lab2/apache-tomcat-8.5.30
23-Apr-2018 20:07:12.823 INFO [main] org.apache.catalina.startup.VersionLoggerListener.log Command line argument: -Dcatalina.home=/home/muhajirun/Documents/workspace/UMN/4021/Lab2/apache-tomcat-8.5.30
23-Apr-2018 20:07:12.823 INFO [main] org.apache.catalina.startup.VersionLoggerListener.log Command line argument: -Djava.io.tmpdir=/home/muhajirun/Documents/workspace/UMN/4021/Lab2/apache-tomcat-8.5.30/temp
23-Apr-2018 20:07:12.824 INFO [main] org.apache.catalina.core.AprLifecycleListener.lifecycleEvent The APR based Apache Tomcat Native library which allows optimal performance in production environments was not found on the java.library.path: [/usr/java/packages/lib/amd64:/usr/lib/x86_64-linux-gnu/jni:/lib/x86_64-linux-gnu:/usr/lib/x86_64-linux-gnu:/usr/lib/jni:/lib:/usr/lib]
23-Apr-2018 20:07:12.955 INFO [main] org.apache.coyote.AbstractProtocol.init Initializing ProtocolHandler ["http-nio-8080"]
23-Apr-2018 20:07:12.974 INFO [main] org.apache.tomcat.util.net.NioSelectorPool.getSharedSelector Using a shared selector for servlet write/read
23-Apr-2018 20:07:12.984 INFO [main] org.apache.coyote.AbstractProtocol.init Initializing ProtocolHandler ["ajp-nio-8009"]
23-Apr-2018 20:07:12.986 INFO [main] org.apache.tomcat.util.net.NioSelectorPool.getSharedSelector Using a shared selector for servlet write/read
23-Apr-2018 20:07:12.987 INFO [main] org.apache.catalina.startup.Catalina.load Initialization processed in 686 ms
23-Apr-2018 20:07:13.034 INFO [main] org.apache.catalina.core.StandardService.startInternal Starting service [Catalina]
23-Apr-2018 20:07:13.035 INFO [main] org.apache.catalina.core.StandardEngine.startInternal Starting Servlet Engine: Apache Tomcat/8.5.30
23-Apr-2018 20:07:13.045 INFO [localhost-startStop-1] org.apache.catalina.startup.HostConfig.deployDirectory Deploying web application directory [/home/muhajirun/Documents/workspace/UMN/4021/Lab2/apache-tomcat-8.5.30/webapps/docs]
23-Apr-2018 20:07:13.430 INFO [localhost-startStop-1] org.apache.catalina.startup.HostConfig.deployDirectory Deployment of web application directory [/home/muhajirun/Documents/workspace/UMN/4021/Lab2/apache-tomcat-8.5.30/webapps/docs] has finished in [384] ms
23-Apr-2018 20:07:13.430 INFO [localhost-startStop-1] org.apache.catalina.startup.HostConfig.deployDirectory Deploying web application directory [/home/muhajirun/Documents/workspace/UMN/4021/Lab2/apache-tomcat-8.5.30/webapps/ROOT]
23-Apr-2018 20:07:13.451 INFO [localhost-startStop-1] org.apache.catalina.startup.HostConfig.deployDirectory Deployment of web application directory [/home/muhajirun/Documents/workspace/UMN/4021/Lab2/apache-tomcat-8.5.30/webapps/ROOT] has finished in [20] ms
23-Apr-2018 20:07:13.451 INFO [localhost-startStop-1] org.apache.catalina.startup.HostConfig.deployDirectory Deploying web application directory [/home/muhajirun/Documents/workspace/UMN/4021/Lab2/apache-tomcat-8.5.30/webapps/host-manager]
23-Apr-2018 20:07:13.481 INFO [localhost-startStop-1] org.apache.catalina.startup.HostConfig.deployDirectory Deployment of web application directory [/home/muhajirun/Documents/workspace/UMN/4021/Lab2/apache-tomcat-8.5.30/webapps/host-manager] has finished in [30] ms
23-Apr-2018 20:07:13.481 INFO [localhost-startStop-1] org.apache.catalina.startup.HostConfig.deployDirectory Deploying web application directory [/home/muhajirun/Documents/workspace/UMN/4021/Lab2/apache-tomcat-8.5.30/webapps/examples]
23-Apr-2018 20:07:13.754 INFO [localhost-startStop-1] org.apache.catalina.startup.HostConfig.deployDirectory Deployment of web application directory [/home/muhajirun/Documents/workspace/UMN/4021/Lab2/apache-tomcat-8.5.30/webapps/examples] has finished in [273] ms
23-Apr-2018 20:07:13.754 INFO [localhost-startStop-1] org.apache.catalina.startup.HostConfig.deployDirectory Deploying web application directory [/home/muhajirun/Documents/workspace/UMN/4021/Lab2/apache-tomcat-8.5.30/webapps/manager]
23-Apr-2018 20:07:13.779 INFO [localhost-startStop-1] org.apache.catalina.startup.HostConfig.deployDirectory Deployment of web application directory [/home/muhajirun/Documents/workspace/UMN/4021/Lab2/apache-tomcat-8.5.30/webapps/manager] has finished in [25] ms
23-Apr-2018 20:07:13.782 INFO [main] org.apache.coyote.AbstractProtocol.start Starting ProtocolHandler ["http-nio-8080"]
23-Apr-2018 20:07:13.789 INFO [main] org.apache.coyote.AbstractProtocol.start Starting ProtocolHandler ["ajp-nio-8009"]
23-Apr-2018 20:07:13.795 INFO [main] org.apache.catalina.startup.Catalina.start Server startup in 807 ms
23-Apr-2018 20:07:50.256 INFO [Thread-5] org.apache.coyote.AbstractProtocol.pause Pausing ProtocolHandler ["http-nio-8080"]
23-Apr-2018 20:07:50.266 INFO [Thread-5] org.apache.coyote.AbstractProtocol.pause Pausing ProtocolHandler ["ajp-nio-8009"]
23-Apr-2018 20:07:50.267 INFO [Thread-5] org.apache.catalina.core.StandardService.stopInternal Stopping service [Catalina]
23-Apr-2018 20:07:50.411 INFO [Thread-5] org.apache.coyote.AbstractProtocol.stop Stopping ProtocolHandler ["http-nio-8080"]
23-Apr-2018 20:07:50.417 INFO [Thread-5] org.apache.coyote.AbstractProtocol.stop Stopping ProtocolHandler ["ajp-nio-8009"]
23-Apr-2018 20:07:50.418 INFO [Thread-5] org.apache.coyote.AbstractProtocol.destroy Destroying ProtocolHandler ["http-nio-8080"]
23-Apr-2018 20:07:50.419 INFO [Thread-5] org.apache.coyote.AbstractProtocol.destroy Destroying ProtocolHandler ["ajp-nio-8009"]
